<?xml version="1.0" encoding="UTF-8"?>
<!-- Generated by org.testng.reporters.JUnitReportReporter -->
<testsuite hostname="KANINI-LTP-1041" failures="0" tests="1" name="org.test.Sneakers" time="19.467" errors="0" timestamp="2023-10-19T16:01:42 IST" skipped="0">
  <testcase classname="org.test.Sneakers" name="shoe" time="19.467"/>
  <system-out/>
</testsuite> <!-- org.test.Sneakers -->
