<?xml version="1.0" encoding="UTF-8"?>
<!-- Generated by org.testng.reporters.JUnitReportReporter -->
<testsuite hostname="KANINI-LTP-1041" failures="0" tests="4" name="org.test.Methods" time="16.384" errors="0" timestamp="2023-10-19T16:49:45 IST" skipped="0">
  <testcase classname="org.test.Methods" name="logIn" time="5.888"/>
  <system-out/>
  <testcase classname="org.test.Methods" name="navigatetoProduct" time="2.555"/>
  <system-out/>
  <testcase classname="org.test.Methods" name="addtocart" time="0.167"/>
  <system-out/>
  <testcase classname="org.test.Methods" name="confirm" time="7.774"/>
  <system-out/>
</testsuite> <!-- org.test.Methods -->
